<?xml version="1.0" encoding="UTF-8"?>
<testsuite xmlns:xsi="http://www.w3.org/2001/XMLSchema-instance" xsi:noNamespaceSchemaLocation="https://maven.apache.org/surefire/maven-surefire-plugin/xsd/surefire-test-report-3.0.xsd" version="3.0" name="guru.springframework.sfgpetclinic.model.PersonRepeatedTests" time="0.184" tests="20" errors="0" skipped="0" failures="0">
  <properties>
    <property name="gopherProxySet" value="false"/>
    <property name="awt.toolkit" value="sun.lwawt.macosx.LWCToolkit"/>
    <property name="java.specification.version" value="11"/>
    <property name="sun.cpu.isalist" value=""/>
    <property name="sun.jnu.encoding" value="UTF-8"/>
    <property name="java.class.path" value="/Users/oflorezdiaz/Documents/Cursos/Udemy/testing-java-junit5/target/test-classes:/Users/oflorezdiaz/Documents/Cursos/Udemy/testing-java-junit5/target/classes:/Users/oflorezdiaz/.m2/repository/javax/validation/validation-api/2.0.1.Final/validation-api-2.0.1.Final.jar:/Users/oflorezdiaz/.m2/repository/org/apache/commons/commons-lang3/3.9/commons-lang3-3.9.jar:/Users/oflorezdiaz/.m2/repository/org/junit/jupiter/junit-jupiter-api/5.5.2/junit-jupiter-api-5.5.2.jar:/Users/oflorezdiaz/.m2/repository/org/apiguardian/apiguardian-api/1.1.0/apiguardian-api-1.1.0.jar:/Users/oflorezdiaz/.m2/repository/org/opentest4j/opentest4j/1.2.0/opentest4j-1.2.0.jar:/Users/oflorezdiaz/.m2/repository/org/junit/platform/junit-platform-commons/1.5.2/junit-platform-commons-1.5.2.jar:/Users/oflorezdiaz/.m2/repository/org/junit/jupiter/junit-jupiter-engine/5.5.2/junit-jupiter-engine-5.5.2.jar:/Users/oflorezdiaz/.m2/repository/org/junit/platform/junit-platform-engine/1.5.2/junit-platform-engine-1.5.2.jar:/Users/oflorezdiaz/.m2/repository/org/junit/jupiter/junit-jupiter-params/5.5.2/junit-jupiter-params-5.5.2.jar:/Users/oflorezdiaz/.m2/repository/org/assertj/assertj-core/3.11.1/assertj-core-3.11.1.jar:/Users/oflorezdiaz/.m2/repository/org/hamcrest/hamcrest-library/1.3/hamcrest-library-1.3.jar:/Users/oflorezdiaz/.m2/repository/org/hamcrest/hamcrest-core/1.3/hamcrest-core-1.3.jar:"/>
    <property name="java.vm.vendor" value="Oracle Corporation"/>
    <property name="sun.arch.data.model" value="64"/>
    <property name="java.vendor.url" value="http://java.oracle.com/"/>
    <property name="user.timezone" value=""/>
    <property name="java.vm.specification.version" value="11"/>
    <property name="os.name" value="Mac OS X"/>
    <property name="sun.java.launcher" value="SUN_STANDARD"/>
    <property name="user.country" value="CO"/>
    <property name="sun.boot.library.path" value="/Library/Java/JavaVirtualMachines/jdk-11.0.2.jdk/Contents/Home/lib"/>
    <property name="sun.java.command" value="/Users/oflorezdiaz/Documents/Cursos/Udemy/testing-java-junit5/target/surefire/surefirebooter939925532503114385.jar /Users/oflorezdiaz/Documents/Cursos/Udemy/testing-java-junit5/target/surefire 2019-11-20T21-36-31_135-jvmRun1 surefire16778399400573664223tmp surefire_04445142656159912729tmp"/>
    <property name="http.nonProxyHosts" value="local|*.local|169.254/16|*.169.254/16"/>
    <property name="jdk.debug" value="release"/>
    <property name="surefire.test.class.path" value="/Users/oflorezdiaz/Documents/Cursos/Udemy/testing-java-junit5/target/test-classes:/Users/oflorezdiaz/Documents/Cursos/Udemy/testing-java-junit5/target/classes:/Users/oflorezdiaz/.m2/repository/javax/validation/validation-api/2.0.1.Final/validation-api-2.0.1.Final.jar:/Users/oflorezdiaz/.m2/repository/org/apache/commons/commons-lang3/3.9/commons-lang3-3.9.jar:/Users/oflorezdiaz/.m2/repository/org/junit/jupiter/junit-jupiter-api/5.5.2/junit-jupiter-api-5.5.2.jar:/Users/oflorezdiaz/.m2/repository/org/apiguardian/apiguardian-api/1.1.0/apiguardian-api-1.1.0.jar:/Users/oflorezdiaz/.m2/repository/org/opentest4j/opentest4j/1.2.0/opentest4j-1.2.0.jar:/Users/oflorezdiaz/.m2/repository/org/junit/platform/junit-platform-commons/1.5.2/junit-platform-commons-1.5.2.jar:/Users/oflorezdiaz/.m2/repository/org/junit/jupiter/junit-jupiter-engine/5.5.2/junit-jupiter-engine-5.5.2.jar:/Users/oflorezdiaz/.m2/repository/org/junit/platform/junit-platform-engine/1.5.2/junit-platform-engine-1.5.2.jar:/Users/oflorezdiaz/.m2/repository/org/junit/jupiter/junit-jupiter-params/5.5.2/junit-jupiter-params-5.5.2.jar:/Users/oflorezdiaz/.m2/repository/org/assertj/assertj-core/3.11.1/assertj-core-3.11.1.jar:/Users/oflorezdiaz/.m2/repository/org/hamcrest/hamcrest-library/1.3/hamcrest-library-1.3.jar:/Users/oflorezdiaz/.m2/repository/org/hamcrest/hamcrest-core/1.3/hamcrest-core-1.3.jar:"/>
    <property name="sun.cpu.endian" value="little"/>
    <property name="user.home" value="/Users/oflorezdiaz"/>
    <property name="user.language" value="es"/>
    <property name="java.specification.vendor" value="Oracle Corporation"/>
    <property name="java.version.date" value="2018-10-16"/>
    <property name="java.home" value="/Library/Java/JavaVirtualMachines/jdk-11.0.2.jdk/Contents/Home"/>
    <property name="file.separator" value="/"/>
    <property name="basedir" value="/Users/oflorezdiaz/Documents/Cursos/Udemy/testing-java-junit5"/>
    <property name="java.vm.compressedOopsMode" value="Zero based"/>
    <property name="line.separator" value="&#10;"/>
    <property name="idea.version2019.2.4" value="true"/>
    <property name="java.specification.name" value="Java Platform API Specification"/>
    <property name="java.vm.specification.vendor" value="Oracle Corporation"/>
    <property name="java.awt.graphicsenv" value="sun.awt.CGraphicsEnvironment"/>
    <property name="surefire.real.class.path" value="/Users/oflorezdiaz/Documents/Cursos/Udemy/testing-java-junit5/target/surefire/surefirebooter939925532503114385.jar"/>
    <property name="sun.management.compiler" value="HotSpot 64-Bit Tiered Compilers"/>
    <property name="ftp.nonProxyHosts" value="local|*.local|169.254/16|*.169.254/16"/>
    <property name="java.runtime.version" value="11.0.2+7"/>
    <property name="user.name" value="oflorezdiaz"/>
    <property name="path.separator" value=":"/>
    <property name="os.version" value="10.12.6"/>
    <property name="java.runtime.name" value="OpenJDK Runtime Environment"/>
    <property name="file.encoding" value="US-ASCII"/>
    <property name="java.vm.name" value="OpenJDK 64-Bit Server VM"/>
    <property name="java.vendor.version" value="18.9"/>
    <property name="localRepository" value="/Users/oflorezdiaz/.m2/repository"/>
    <property name="java.vendor.url.bug" value="http://bugreport.java.com/bugreport/"/>
    <property name="java.io.tmpdir" value="/var/folders/_0/b7c8kdw11hd9wzgtyybzbrs00000gn/T/"/>
    <property name="java.version" value="11.0.2"/>
    <property name="user.dir" value="/Users/oflorezdiaz/Documents/Cursos/Udemy/testing-java-junit5"/>
    <property name="os.arch" value="x86_64"/>
    <property name="java.vm.specification.name" value="Java Virtual Machine Specification"/>
    <property name="java.awt.printerjob" value="sun.lwawt.macosx.CPrinterJob"/>
    <property name="sun.os.patch.level" value="unknown"/>
    <property name="java.library.path" value="/Users/oflorezdiaz/Library/Java/Extensions:/Library/Java/Extensions:/Network/Library/Java/Extensions:/System/Library/Java/Extensions:/usr/lib/java:."/>
    <property name="java.vendor" value="Oracle Corporation"/>
    <property name="java.vm.info" value="mixed mode"/>
    <property name="java.vm.version" value="11.0.2+7"/>
    <property name="sun.io.unicode.encoding" value="UnicodeBig"/>
    <property name="java.class.version" value="55.0"/>
    <property name="socksNonProxyHosts" value="local|*.local|169.254/16|*.169.254/16"/>
  </properties>
  <testcase name="myRepeatedTestWithDI(TestInfo,RepetitionInfo)" classname="guru.springframework.sfgpetclinic.model.PersonRepeatedTests" time="0.012"/>
  <testcase name="myRepeatedTestWithDI(TestInfo,RepetitionInfo)" classname="guru.springframework.sfgpetclinic.model.PersonRepeatedTests" time="0.005"/>
  <testcase name="myRepeatedTestWithDI(TestInfo,RepetitionInfo)" classname="guru.springframework.sfgpetclinic.model.PersonRepeatedTests" time="0.008"/>
  <testcase name="myRepeatedTestWithDI(TestInfo,RepetitionInfo)" classname="guru.springframework.sfgpetclinic.model.PersonRepeatedTests" time="0.003"/>
  <testcase name="myRepeatedTestWithDI(TestInfo,RepetitionInfo)" classname="guru.springframework.sfgpetclinic.model.PersonRepeatedTests" time="0.003"/>
  <testcase name="myRepeatedTest" classname="guru.springframework.sfgpetclinic.model.PersonRepeatedTests" time="0.003"/>
  <testcase name="myRepeatedTest" classname="guru.springframework.sfgpetclinic.model.PersonRepeatedTests" time="0.003"/>
  <testcase name="myRepeatedTest" classname="guru.springframework.sfgpetclinic.model.PersonRepeatedTests" time="0.002"/>
  <testcase name="myRepeatedTest" classname="guru.springframework.sfgpetclinic.model.PersonRepeatedTests" time="0.002"/>
  <testcase name="myRepeatedTest" classname="guru.springframework.sfgpetclinic.model.PersonRepeatedTests" time="0.003"/>
  <testcase name="myRepeatedTest" classname="guru.springframework.sfgpetclinic.model.PersonRepeatedTests" time="0.003"/>
  <testcase name="myRepeatedTest" classname="guru.springframework.sfgpetclinic.model.PersonRepeatedTests" time="0.003"/>
  <testcase name="myRepeatedTest" classname="guru.springframework.sfgpetclinic.model.PersonRepeatedTests" time="0.003"/>
  <testcase name="myRepeatedTest" classname="guru.springframework.sfgpetclinic.model.PersonRepeatedTests" time="0.002"/>
  <testcase name="myRepeatedTest" classname="guru.springframework.sfgpetclinic.model.PersonRepeatedTests" time="0.003"/>
  <testcase name="myAssignmentRepeated" classname="guru.springframework.sfgpetclinic.model.PersonRepeatedTests" time="0.003"/>
  <testcase name="myAssignmentRepeated" classname="guru.springframework.sfgpetclinic.model.PersonRepeatedTests" time="0.003"/>
  <testcase name="myAssignmentRepeated" classname="guru.springframework.sfgpetclinic.model.PersonRepeatedTests" time="0.003"/>
  <testcase name="myAssignmentRepeated" classname="guru.springframework.sfgpetclinic.model.PersonRepeatedTests" time="0.003"/>
  <testcase name="myAssignmentRepeated" classname="guru.springframework.sfgpetclinic.model.PersonRepeatedTests" time="0.003"/>
</testsuite>